  test.cpp
C:\Users\wetymov\Desktop\studick\лабы по аипу\draw_lab\solution\grSDL\adopt.cpp(84,35): warning C4244: аргумент: преобразование "int" в "float", возможна потеря данных
  (компиляция исходного файла "test.cpp")
  
C:\Users\wetymov\Desktop\studick\лабы по аипу\draw_lab\solution\grSDL\adopt.cpp(84,32): warning C4244: аргумент: преобразование "int" в "float", возможна потеря данных
  (компиляция исходного файла "test.cpp")
  
C:\Users\wetymov\Desktop\studick\лабы по аипу\draw_lab\solution\grSDL\adopt.cpp(172,57): warning C4244: аргумент: преобразование "int" в "float", возможна потеря данных
  (компиляция исходного файла "test.cpp")
  
C:\Users\wetymov\Desktop\studick\лабы по аипу\draw_lab\solution\grSDL\adopt.cpp(172,51): warning C4244: аргумент: преобразование "int" в "float", возможна потеря данных
  (компиляция исходного файла "test.cpp")
  
C:\Users\wetymov\Desktop\studick\лабы по аипу\draw_lab\solution\grSDL\adopt.cpp(173,57): warning C4244: аргумент: преобразование "int" в "float", возможна потеря данных
  (компиляция исходного файла "test.cpp")
  
C:\Users\wetymov\Desktop\studick\лабы по аипу\draw_lab\solution\grSDL\adopt.cpp(173,51): warning C4244: аргумент: преобразование "int" в "float", возможна потеря данных
  (компиляция исходного файла "test.cpp")
  
C:\Users\wetymov\Desktop\studick\лабы по аипу\draw_lab\solution\grSDL\adopt.cpp(174,57): warning C4244: аргумент: преобразование "int" в "float", возможна потеря данных
  (компиляция исходного файла "test.cpp")
  
C:\Users\wetymov\Desktop\studick\лабы по аипу\draw_lab\solution\grSDL\adopt.cpp(174,51): warning C4244: аргумент: преобразование "int" в "float", возможна потеря данных
  (компиляция исходного файла "test.cpp")
  
C:\Users\wetymov\Desktop\studick\лабы по аипу\draw_lab\solution\grSDL\adopt.cpp(175,57): warning C4244: аргумент: преобразование "int" в "float", возможна потеря данных
  (компиляция исходного файла "test.cpp")
  
C:\Users\wetymov\Desktop\studick\лабы по аипу\draw_lab\solution\grSDL\adopt.cpp(175,51): warning C4244: аргумент: преобразование "int" в "float", возможна потеря данных
  (компиляция исходного файла "test.cpp")
  
C:\Users\wetymov\Desktop\studick\лабы по аипу\draw_lab\solution\grSDL\adopt.cpp(177,54): warning C4244: аргумент: преобразование "int" в "float", возможна потеря данных
  (компиляция исходного файла "test.cpp")
  
C:\Users\wetymov\Desktop\studick\лабы по аипу\draw_lab\solution\grSDL\adopt.cpp(177,51): warning C4244: аргумент: преобразование "int" в "float", возможна потеря данных
  (компиляция исходного файла "test.cpp")
  
C:\Users\wetymov\Desktop\studick\лабы по аипу\draw_lab\solution\grSDL\adopt.cpp(178,54): warning C4244: аргумент: преобразование "int" в "float", возможна потеря данных
  (компиляция исходного файла "test.cpp")
  
C:\Users\wetymov\Desktop\studick\лабы по аипу\draw_lab\solution\grSDL\adopt.cpp(178,51): warning C4244: аргумент: преобразование "int" в "float", возможна потеря данных
  (компиляция исходного файла "test.cpp")
  
C:\Users\wetymov\Desktop\studick\лабы по аипу\draw_lab\solution\grSDL\adopt.cpp(183,58): warning C4244: аргумент: преобразование "int" в "float", возможна потеря данных
  (компиляция исходного файла "test.cpp")
  
C:\Users\wetymov\Desktop\studick\лабы по аипу\draw_lab\solution\grSDL\adopt.cpp(183,52): warning C4244: аргумент: преобразование "int" в "float", возможна потеря данных
  (компиляция исходного файла "test.cpp")
  
C:\Users\wetymov\Desktop\studick\лабы по аипу\draw_lab\solution\grSDL\adopt.cpp(184,58): warning C4244: аргумент: преобразование "int" в "float", возможна потеря данных
  (компиляция исходного файла "test.cpp")
  
C:\Users\wetymov\Desktop\studick\лабы по аипу\draw_lab\solution\grSDL\adopt.cpp(184,52): warning C4244: аргумент: преобразование "int" в "float", возможна потеря данных
  (компиляция исходного файла "test.cpp")
  
C:\Users\wetymov\Desktop\studick\лабы по аипу\draw_lab\solution\grSDL\adopt.cpp(185,58): warning C4244: аргумент: преобразование "int" в "float", возможна потеря данных
  (компиляция исходного файла "test.cpp")
  
C:\Users\wetymov\Desktop\studick\лабы по аипу\draw_lab\solution\grSDL\adopt.cpp(185,52): warning C4244: аргумент: преобразование "int" в "float", возможна потеря данных
  (компиляция исходного файла "test.cpp")
  
C:\Users\wetymov\Desktop\studick\лабы по аипу\draw_lab\solution\grSDL\adopt.cpp(186,58): warning C4244: аргумент: преобразование "int" в "float", возможна потеря данных
  (компиляция исходного файла "test.cpp")
  
C:\Users\wetymov\Desktop\studick\лабы по аипу\draw_lab\solution\grSDL\adopt.cpp(186,52): warning C4244: аргумент: преобразование "int" в "float", возможна потеря данных
  (компиляция исходного файла "test.cpp")
  
C:\Users\wetymov\Desktop\studick\лабы по аипу\draw_lab\solution\grSDL\adopt.cpp(188,58): warning C4244: аргумент: преобразование "int" в "float", возможна потеря данных
  (компиляция исходного файла "test.cpp")
  
C:\Users\wetymov\Desktop\studick\лабы по аипу\draw_lab\solution\grSDL\adopt.cpp(188,52): warning C4244: аргумент: преобразование "int" в "float", возможна потеря данных
  (компиляция исходного файла "test.cpp")
  
C:\Users\wetymov\Desktop\studick\лабы по аипу\draw_lab\solution\grSDL\adopt.cpp(189,58): warning C4244: аргумент: преобразование "int" в "float", возможна потеря данных
  (компиляция исходного файла "test.cpp")
  
C:\Users\wetymov\Desktop\studick\лабы по аипу\draw_lab\solution\grSDL\adopt.cpp(189,52): warning C4244: аргумент: преобразование "int" в "float", возможна потеря данных
  (компиляция исходного файла "test.cpp")
  
C:\Users\wetymov\Desktop\studick\лабы по аипу\draw_lab\solution\grSDL\adopt.cpp(217,56): warning C4244: аргумент: преобразование "int" в "float", возможна потеря данных
  (компиляция исходного файла "test.cpp")
  
C:\Users\wetymov\Desktop\studick\лабы по аипу\draw_lab\solution\grSDL\adopt.cpp(217,48): warning C4244: аргумент: преобразование "int" в "float", возможна потеря данных
  (компиляция исходного файла "test.cpp")
  
C:\Users\wetymov\Desktop\studick\лабы по аипу\draw_lab\solution\grSDL\adopt.cpp(217,40): warning C4244: аргумент: преобразование "int" в "float", возможна потеря данных
  (компиляция исходного файла "test.cpp")
  
C:\Users\wetymov\Desktop\studick\лабы по аипу\draw_lab\solution\grSDL\adopt.cpp(217,32): warning C4244: аргумент: преобразование "int" в "float", возможна потеря данных
  (компиляция исходного файла "test.cpp")
  
C:\Users\wetymov\Desktop\studick\лабы по аипу\draw_lab\solution\grSDL\segment.h(15,39): warning C4244: аргумент: преобразование "double" в "int", возможна потеря данных
  (компиляция исходного файла "test.cpp")
  
C:\Users\wetymov\Desktop\studick\лабы по аипу\draw_lab\solution\grSDL\segment.h(15,24): warning C4244: аргумент: преобразование "double" в "int", возможна потеря данных
  (компиляция исходного файла "test.cpp")
  
C:\Users\wetymov\Desktop\studick\лабы по аипу\draw_lab\solution\grSDL\segment.h(20,16): warning C4244: инициализация: преобразование "double" в "int", возможна потеря данных
  (компиляция исходного файла "test.cpp")
  
C:\Users\wetymov\Desktop\studick\лабы по аипу\draw_lab\solution\grSDL\segment.h(21,16): warning C4244: инициализация: преобразование "double" в "int", возможна потеря данных
  (компиляция исходного файла "test.cpp")
  
C:\Users\wetymov\Desktop\studick\лабы по аипу\draw_lab\solution\grSDL\segment.h(23,16): warning C4244: инициализация: преобразование "double" в "int", возможна потеря данных
  (компиляция исходного файла "test.cpp")
  
C:\Users\wetymov\Desktop\studick\лабы по аипу\draw_lab\solution\grSDL\segment.h(24,16): warning C4244: инициализация: преобразование "double" в "int", возможна потеря данных
  (компиляция исходного файла "test.cpp")
  
C:\Users\wetymov\Desktop\studick\лабы по аипу\draw_lab\solution\grSDL\sector.h(20,16): warning C4244: инициализация: преобразование "double" в "int", возможна потеря данных
  (компиляция исходного файла "test.cpp")
  
C:\Users\wetymov\Desktop\studick\лабы по аипу\draw_lab\solution\grSDL\sector.h(21,16): warning C4244: инициализация: преобразование "double" в "int", возможна потеря данных
  (компиляция исходного файла "test.cpp")
  
C:\Users\wetymov\Desktop\studick\лабы по аипу\draw_lab\solution\grSDL\sector.h(23,16): warning C4244: инициализация: преобразование "double" в "int", возможна потеря данных
  (компиляция исходного файла "test.cpp")
  
C:\Users\wetymov\Desktop\studick\лабы по аипу\draw_lab\solution\grSDL\sector.h(24,16): warning C4244: инициализация: преобразование "double" в "int", возможна потеря данных
  (компиляция исходного файла "test.cpp")
  
  grSDL.vcxproj -> C:\Users\wetymov\Desktop\studick\лабы по аипу\draw_lab\solution\grSDL\x64\Debug\grSDL.exe
